2024-02-29 09:40:53,572 INFO org.springframework.boot.StartupInfoLogger [main] Starting MyNhDemoApplication using Java 1.8.0_111 on DESKTOP-GKJ0SK2 with PID 20856 (D:\IDEAworks\my-nh-demo\target\classes started by h in D:\IDEAworks\my-nh-demo)
2024-02-29 09:40:53,585 INFO org.springframework.boot.SpringApplication [main] No active profile set, falling back to 1 default profile: "default"
2024-02-29 09:40:54,165 INFO org.springframework.data.repository.config.RepositoryConfigurationDelegate [main] Multiple Spring Data modules found, entering strict repository configuration mode
2024-02-29 09:40:54,167 INFO org.springframework.data.repository.config.RepositoryConfigurationDelegate [main] Bootstrapping Spring Data Redis repositories in DEFAULT mode.
2024-02-29 09:40:54,210 INFO org.springframework.data.repository.config.RepositoryConfigurationDelegate [main] Finished Spring Data repository scanning in 19 ms. Found 0 Redis repository interfaces.
2024-02-29 09:40:54,498 INFO org.springframework.context.support.PostProcessorRegistrationDelegate$BeanPostProcessorChecker [main] Bean 'spring.datasource.dynamic-com.baomidou.dynamic.datasource.spring.boot.autoconfigure.DynamicDataSourceProperties' of type [com.baomidou.dynamic.datasource.spring.boot.autoconfigure.DynamicDataSourceProperties] is not eligible for getting processed by all BeanPostProcessors (for example: not eligible for auto-proxying)
2024-02-29 09:40:54,499 INFO org.springframework.context.support.PostProcessorRegistrationDelegate$BeanPostProcessorChecker [main] Bean 'com.baomidou.dynamic.datasource.spring.boot.autoconfigure.DynamicDataSourceAutoConfiguration' of type [com.baomidou.dynamic.datasource.spring.boot.autoconfigure.DynamicDataSourceAutoConfiguration$$EnhancerBySpringCGLIB$$436de828] is not eligible for getting processed by all BeanPostProcessors (for example: not eligible for auto-proxying)
2024-02-29 09:40:54,508 INFO org.springframework.context.support.PostProcessorRegistrationDelegate$BeanPostProcessorChecker [main] Bean 'dsProcessor' of type [com.baomidou.dynamic.datasource.processor.DsHeaderProcessor] is not eligible for getting processed by all BeanPostProcessors (for example: not eligible for auto-proxying)
2024-02-29 09:40:54,703 INFO org.springframework.boot.web.embedded.tomcat.TomcatWebServer [main] Tomcat initialized with port(s): 8080 (http)
2024-02-29 09:40:54,712 INFO org.apache.juli.logging.DirectJDKLog [main] Initializing ProtocolHandler ["http-nio-8080"]
2024-02-29 09:40:54,712 INFO org.apache.juli.logging.DirectJDKLog [main] Starting service [Tomcat]
2024-02-29 09:40:54,712 INFO org.apache.juli.logging.DirectJDKLog [main] Starting Servlet engine: [Apache Tomcat/9.0.68]
2024-02-29 09:40:54,828 INFO org.apache.juli.logging.DirectJDKLog [main] Initializing Spring embedded WebApplicationContext
2024-02-29 09:40:54,828 INFO org.springframework.boot.web.servlet.context.ServletWebServerApplicationContext [main] Root WebApplicationContext: initialization completed in 1218 ms
2024-02-29 09:40:54,833 INFO com.example.mynhdemo.filter.config.FilterConfig [main] ******注册自定义的filter过滤器******
2024-02-29 09:40:54,871 INFO com.example.mynhdemo.filter.AuthenticationFilter [main] ******Filter的init方法执行******
2024-02-29 09:40:55,735 INFO com.alibaba.druid.pool.DruidDataSource [main] {dataSource-1,gp} inited
2024-02-29 09:40:55,912 INFO com.alibaba.druid.pool.DruidDataSource [main] {dataSource-2,mysql} inited
2024-02-29 09:40:55,912 INFO com.baomidou.dynamic.datasource.DynamicRoutingDataSource [main] dynamic-datasource - add a datasource named [gp] success
2024-02-29 09:40:55,912 INFO com.baomidou.dynamic.datasource.DynamicRoutingDataSource [main] dynamic-datasource - add a datasource named [mysql] success
2024-02-29 09:40:55,912 INFO com.baomidou.dynamic.datasource.DynamicRoutingDataSource [main] dynamic-datasource initial loaded [2] datasource,primary datasource named [mysql]
2024-02-29 09:40:56,403 INFO org.apache.juli.logging.DirectJDKLog [main] Starting ProtocolHandler ["http-nio-8080"]
2024-02-29 09:40:56,415 INFO org.springframework.boot.web.embedded.tomcat.TomcatWebServer [main] Tomcat started on port(s): 8080 (http) with context path ''
2024-02-29 09:40:56,422 INFO org.springframework.boot.StartupInfoLogger [main] Started MyNhDemoApplication in 3.149 seconds (JVM running for 4.361)
2024-02-29 09:41:10,429 INFO org.apache.juli.logging.DirectJDKLog [http-nio-8080-exec-1] Initializing Spring DispatcherServlet 'dispatcherServlet'
2024-02-29 09:41:10,429 INFO org.springframework.web.servlet.FrameworkServlet [http-nio-8080-exec-1] Initializing Servlet 'dispatcherServlet'
2024-02-29 09:41:10,430 INFO org.springframework.web.servlet.FrameworkServlet [http-nio-8080-exec-1] Completed initialization in 1 ms
2024-02-29 09:41:10,435 INFO com.example.mynhdemo.filter.AuthenticationFilter [http-nio-8080-exec-1] ******Filter的doFilter方法执行******
2024-02-29 09:41:10,523 INFO com.example.mynhdemo.controller.LoginController [http-nio-8080-exec-1] 用户：2获取了权限
2024-02-29 09:41:10,550 INFO com.example.mynhdemo.filter.AuthenticationFilter [http-nio-8080-exec-2] ******Filter的doFilter方法执行******
2024-02-29 09:41:10,665 INFO com.example.mynhdemo.filter.AuthenticationFilter [http-nio-8080-exec-3] ******Filter的doFilter方法执行******
2024-02-29 09:41:58,632 INFO com.example.mynhdemo.filter.AuthenticationFilter [http-nio-8080-exec-4] ******Filter的doFilter方法执行******
2024-02-29 09:41:58,817 INFO com.example.mynhdemo.filter.AuthenticationFilter [http-nio-8080-exec-6] ******Filter的doFilter方法执行******
2024-02-29 09:41:58,836 INFO com.example.mynhdemo.controller.LoginController [http-nio-8080-exec-6] 用户：2获取了权限
2024-02-29 09:41:58,841 INFO com.example.mynhdemo.filter.AuthenticationFilter [http-nio-8080-exec-7] ******Filter的doFilter方法执行******
2024-02-29 09:42:15,093 INFO com.example.mynhdemo.filter.AuthenticationFilter [http-nio-8080-exec-10] ******Filter的doFilter方法执行******
2024-02-29 09:42:15,100 INFO com.example.mynhdemo.filter.AuthenticationFilter [http-nio-8080-exec-1] ******Filter的doFilter方法执行******
2024-02-29 09:42:15,102 INFO com.example.mynhdemo.controller.LoginController [http-nio-8080-exec-1] 用户：2获取了权限
2024-02-29 09:42:15,125 INFO com.example.mynhdemo.filter.AuthenticationFilter [http-nio-8080-exec-3] ******Filter的doFilter方法执行******
2024-02-29 09:42:16,041 INFO com.example.mynhdemo.filter.AuthenticationFilter [http-nio-8080-exec-4] ******Filter的doFilter方法执行******
2024-02-29 09:42:16,046 INFO com.example.mynhdemo.filter.AuthenticationFilter [http-nio-8080-exec-5] ******Filter的doFilter方法执行******
2024-02-29 09:42:16,051 INFO com.example.mynhdemo.controller.LoginController [http-nio-8080-exec-5] 用户：2获取了权限
2024-02-29 09:42:16,053 INFO com.example.mynhdemo.filter.AuthenticationFilter [http-nio-8080-exec-7] ******Filter的doFilter方法执行******
2024-02-29 09:42:16,841 INFO com.example.mynhdemo.filter.AuthenticationFilter [http-nio-8080-exec-9] ******Filter的doFilter方法执行******
2024-02-29 09:42:16,846 INFO com.example.mynhdemo.filter.AuthenticationFilter [http-nio-8080-exec-8] ******Filter的doFilter方法执行******
2024-02-29 09:42:16,854 INFO com.example.mynhdemo.controller.LoginController [http-nio-8080-exec-8] 用户：2获取了权限
2024-02-29 09:42:16,855 INFO com.example.mynhdemo.filter.AuthenticationFilter [http-nio-8080-exec-10] ******Filter的doFilter方法执行******
2024-02-29 09:42:34,832 INFO com.example.mynhdemo.filter.AuthenticationFilter [SpringApplicationShutdownHook] ******Filter的destroy方法执行******
2024-02-29 09:42:34,848 INFO com.baomidou.dynamic.datasource.DynamicRoutingDataSource [SpringApplicationShutdownHook] dynamic-datasource start closing ....
2024-02-29 09:42:34,853 INFO com.alibaba.druid.pool.DruidDataSource [SpringApplicationShutdownHook] {dataSource-1} closing ...
2024-02-29 09:42:34,859 INFO com.alibaba.druid.pool.DruidDataSource [SpringApplicationShutdownHook] {dataSource-1} closed
2024-02-29 09:42:34,859 INFO com.alibaba.druid.pool.DruidDataSource [SpringApplicationShutdownHook] {dataSource-2} closing ...
2024-02-29 09:42:34,861 INFO com.alibaba.druid.pool.DruidDataSource [SpringApplicationShutdownHook] {dataSource-2} closed
2024-02-29 09:42:34,862 INFO com.baomidou.dynamic.datasource.DynamicRoutingDataSource [SpringApplicationShutdownHook] dynamic-datasource all closed success,bye
2024-02-29 09:45:04,880 INFO org.springframework.boot.StartupInfoLogger [main] Starting MyNhDemoApplication using Java 1.8.0_111 on DESKTOP-GKJ0SK2 with PID 16748 (D:\IDEAworks\my-nh-demo\target\classes started by h in D:\IDEAworks\my-nh-demo)
2024-02-29 09:45:04,886 INFO org.springframework.boot.SpringApplication [main] No active profile set, falling back to 1 default profile: "default"
2024-02-29 09:45:05,299 INFO org.springframework.data.repository.config.RepositoryConfigurationDelegate [main] Multiple Spring Data modules found, entering strict repository configuration mode
2024-02-29 09:45:05,300 INFO org.springframework.data.repository.config.RepositoryConfigurationDelegate [main] Bootstrapping Spring Data Redis repositories in DEFAULT mode.
2024-02-29 09:45:05,347 INFO org.springframework.data.repository.config.RepositoryConfigurationDelegate [main] Finished Spring Data repository scanning in 24 ms. Found 0 Redis repository interfaces.
2024-02-29 09:45:05,644 INFO org.springframework.context.support.PostProcessorRegistrationDelegate$BeanPostProcessorChecker [main] Bean 'spring.datasource.dynamic-com.baomidou.dynamic.datasource.spring.boot.autoconfigure.DynamicDataSourceProperties' of type [com.baomidou.dynamic.datasource.spring.boot.autoconfigure.DynamicDataSourceProperties] is not eligible for getting processed by all BeanPostProcessors (for example: not eligible for auto-proxying)
2024-02-29 09:45:05,647 INFO org.springframework.context.support.PostProcessorRegistrationDelegate$BeanPostProcessorChecker [main] Bean 'com.baomidou.dynamic.datasource.spring.boot.autoconfigure.DynamicDataSourceAutoConfiguration' of type [com.baomidou.dynamic.datasource.spring.boot.autoconfigure.DynamicDataSourceAutoConfiguration$$EnhancerBySpringCGLIB$$cfd74537] is not eligible for getting processed by all BeanPostProcessors (for example: not eligible for auto-proxying)
2024-02-29 09:45:05,656 INFO org.springframework.context.support.PostProcessorRegistrationDelegate$BeanPostProcessorChecker [main] Bean 'dsProcessor' of type [com.baomidou.dynamic.datasource.processor.DsHeaderProcessor] is not eligible for getting processed by all BeanPostProcessors (for example: not eligible for auto-proxying)
2024-02-29 09:45:05,868 INFO org.springframework.boot.web.embedded.tomcat.TomcatWebServer [main] Tomcat initialized with port(s): 8080 (http)
2024-02-29 09:45:05,877 INFO org.apache.juli.logging.DirectJDKLog [main] Initializing ProtocolHandler ["http-nio-8080"]
2024-02-29 09:45:05,878 INFO org.apache.juli.logging.DirectJDKLog [main] Starting service [Tomcat]
2024-02-29 09:45:05,878 INFO org.apache.juli.logging.DirectJDKLog [main] Starting Servlet engine: [Apache Tomcat/9.0.68]
2024-02-29 09:45:05,998 INFO org.apache.juli.logging.DirectJDKLog [main] Initializing Spring embedded WebApplicationContext
2024-02-29 09:45:05,998 INFO org.springframework.boot.web.servlet.context.ServletWebServerApplicationContext [main] Root WebApplicationContext: initialization completed in 1089 ms
2024-02-29 09:45:06,001 INFO com.example.mynhdemo.filter.config.FilterConfig [main] ******注册自定义的filter过滤器******
2024-02-29 09:45:06,027 INFO com.example.mynhdemo.filter.AuthenticationFilter [main] ******Filter的init方法执行******
2024-02-29 09:45:06,923 INFO com.alibaba.druid.pool.DruidDataSource [main] {dataSource-1,gp} inited
2024-02-29 09:45:07,035 INFO com.alibaba.druid.pool.DruidDataSource [main] {dataSource-2,mysql} inited
2024-02-29 09:45:07,035 INFO com.baomidou.dynamic.datasource.DynamicRoutingDataSource [main] dynamic-datasource - add a datasource named [gp] success
2024-02-29 09:45:07,036 INFO com.baomidou.dynamic.datasource.DynamicRoutingDataSource [main] dynamic-datasource - add a datasource named [mysql] success
2024-02-29 09:45:07,036 INFO com.baomidou.dynamic.datasource.DynamicRoutingDataSource [main] dynamic-datasource initial loaded [2] datasource,primary datasource named [mysql]
2024-02-29 09:45:07,480 INFO org.apache.juli.logging.DirectJDKLog [main] Starting ProtocolHandler ["http-nio-8080"]
2024-02-29 09:45:07,493 INFO org.springframework.boot.web.embedded.tomcat.TomcatWebServer [main] Tomcat started on port(s): 8080 (http) with context path ''
2024-02-29 09:45:07,499 INFO org.springframework.boot.StartupInfoLogger [main] Started MyNhDemoApplication in 2.908 seconds (JVM running for 3.981)
2024-02-29 09:45:24,506 INFO org.apache.juli.logging.DirectJDKLog [http-nio-8080-exec-1] Initializing Spring DispatcherServlet 'dispatcherServlet'
2024-02-29 09:45:24,507 INFO org.springframework.web.servlet.FrameworkServlet [http-nio-8080-exec-1] Initializing Servlet 'dispatcherServlet'
2024-02-29 09:45:24,508 INFO org.springframework.web.servlet.FrameworkServlet [http-nio-8080-exec-1] Completed initialization in 1 ms
2024-02-29 09:45:24,513 INFO com.example.mynhdemo.filter.AuthenticationFilter [http-nio-8080-exec-1] ******Filter的doFilter方法执行******
2024-02-29 09:50:52,413 INFO com.example.mynhdemo.filter.AuthenticationFilter [SpringApplicationShutdownHook] ******Filter的destroy方法执行******
2024-02-29 09:50:52,419 INFO com.baomidou.dynamic.datasource.DynamicRoutingDataSource [SpringApplicationShutdownHook] dynamic-datasource start closing ....
2024-02-29 09:50:52,420 INFO com.alibaba.druid.pool.DruidDataSource [SpringApplicationShutdownHook] {dataSource-1} closing ...
2024-02-29 09:50:52,422 INFO com.alibaba.druid.pool.DruidDataSource [SpringApplicationShutdownHook] {dataSource-1} closed
2024-02-29 09:50:52,422 INFO com.alibaba.druid.pool.DruidDataSource [SpringApplicationShutdownHook] {dataSource-2} closing ...
2024-02-29 09:50:52,423 INFO com.alibaba.druid.pool.DruidDataSource [SpringApplicationShutdownHook] {dataSource-2} closed
2024-02-29 09:50:52,423 INFO com.baomidou.dynamic.datasource.DynamicRoutingDataSource [SpringApplicationShutdownHook] dynamic-datasource all closed success,bye
2024-02-29 09:57:46,325 INFO org.springframework.boot.StartupInfoLogger [main] Starting MyNhDemoApplication using Java 1.8.0_111 on DESKTOP-GKJ0SK2 with PID 3532 (D:\IDEAworks\my-nh-demo\target\classes started by h in D:\IDEAworks\my-nh-demo)
2024-02-29 09:57:46,336 INFO org.springframework.boot.SpringApplication [main] No active profile set, falling back to 1 default profile: "default"
2024-02-29 09:57:46,973 INFO org.springframework.data.repository.config.RepositoryConfigurationDelegate [main] Multiple Spring Data modules found, entering strict repository configuration mode
2024-02-29 09:57:46,974 INFO org.springframework.data.repository.config.RepositoryConfigurationDelegate [main] Bootstrapping Spring Data Redis repositories in DEFAULT mode.
2024-02-29 09:57:47,000 INFO org.springframework.data.repository.config.RepositoryConfigurationDelegate [main] Finished Spring Data repository scanning in 14 ms. Found 0 Redis repository interfaces.
2024-02-29 09:57:47,248 INFO org.springframework.context.support.PostProcessorRegistrationDelegate$BeanPostProcessorChecker [main] Bean 'spring.datasource.dynamic-com.baomidou.dynamic.datasource.spring.boot.autoconfigure.DynamicDataSourceProperties' of type [com.baomidou.dynamic.datasource.spring.boot.autoconfigure.DynamicDataSourceProperties] is not eligible for getting processed by all BeanPostProcessors (for example: not eligible for auto-proxying)
2024-02-29 09:57:47,251 INFO org.springframework.context.support.PostProcessorRegistrationDelegate$BeanPostProcessorChecker [main] Bean 'com.baomidou.dynamic.datasource.spring.boot.autoconfigure.DynamicDataSourceAutoConfiguration' of type [com.baomidou.dynamic.datasource.spring.boot.autoconfigure.DynamicDataSourceAutoConfiguration$$EnhancerBySpringCGLIB$$15437712] is not eligible for getting processed by all BeanPostProcessors (for example: not eligible for auto-proxying)
2024-02-29 09:57:47,264 INFO org.springframework.context.support.PostProcessorRegistrationDelegate$BeanPostProcessorChecker [main] Bean 'dsProcessor' of type [com.baomidou.dynamic.datasource.processor.DsHeaderProcessor] is not eligible for getting processed by all BeanPostProcessors (for example: not eligible for auto-proxying)
2024-02-29 09:57:47,465 INFO org.springframework.boot.web.embedded.tomcat.TomcatWebServer [main] Tomcat initialized with port(s): 8080 (http)
2024-02-29 09:57:47,472 INFO org.apache.juli.logging.DirectJDKLog [main] Initializing ProtocolHandler ["http-nio-8080"]
2024-02-29 09:57:47,473 INFO org.apache.juli.logging.DirectJDKLog [main] Starting service [Tomcat]
2024-02-29 09:57:47,473 INFO org.apache.juli.logging.DirectJDKLog [main] Starting Servlet engine: [Apache Tomcat/9.0.68]
2024-02-29 09:57:47,565 INFO org.apache.juli.logging.DirectJDKLog [main] Initializing Spring embedded WebApplicationContext
2024-02-29 09:57:47,565 INFO org.springframework.boot.web.servlet.context.ServletWebServerApplicationContext [main] Root WebApplicationContext: initialization completed in 1191 ms
2024-02-29 09:57:47,569 INFO com.example.mynhdemo.filter.config.FilterConfig [main] ******注册自定义的filter过滤器******
2024-02-29 09:57:47,600 INFO com.example.mynhdemo.filter.AuthenticationFilter [main] ******Filter的init方法执行******
2024-02-29 09:57:48,364 INFO com.alibaba.druid.pool.DruidDataSource [main] {dataSource-1,gp} inited
2024-02-29 09:57:48,492 INFO com.alibaba.druid.pool.DruidDataSource [main] {dataSource-2,mysql} inited
2024-02-29 09:57:48,493 INFO com.baomidou.dynamic.datasource.DynamicRoutingDataSource [main] dynamic-datasource - add a datasource named [gp] success
2024-02-29 09:57:48,493 INFO com.baomidou.dynamic.datasource.DynamicRoutingDataSource [main] dynamic-datasource - add a datasource named [mysql] success
2024-02-29 09:57:48,493 INFO com.baomidou.dynamic.datasource.DynamicRoutingDataSource [main] dynamic-datasource initial loaded [2] datasource,primary datasource named [mysql]
2024-02-29 09:57:48,951 INFO org.apache.juli.logging.DirectJDKLog [main] Starting ProtocolHandler ["http-nio-8080"]
2024-02-29 09:57:48,982 INFO org.springframework.boot.web.embedded.tomcat.TomcatWebServer [main] Tomcat started on port(s): 8080 (http) with context path ''
2024-02-29 09:57:48,989 INFO org.springframework.boot.StartupInfoLogger [main] Started MyNhDemoApplication in 2.982 seconds (JVM running for 4.677)
2024-02-29 09:58:01,244 INFO org.apache.juli.logging.DirectJDKLog [http-nio-8080-exec-1] Initializing Spring DispatcherServlet 'dispatcherServlet'
2024-02-29 09:58:01,244 INFO org.springframework.web.servlet.FrameworkServlet [http-nio-8080-exec-1] Initializing Servlet 'dispatcherServlet'
2024-02-29 09:58:01,245 INFO org.springframework.web.servlet.FrameworkServlet [http-nio-8080-exec-1] Completed initialization in 0 ms
2024-02-29 09:58:01,250 INFO com.example.mynhdemo.filter.AuthenticationFilter [http-nio-8080-exec-1] ******Filter的doFilter方法执行******
2024-02-29 09:58:52,504 INFO com.example.mynhdemo.filter.AuthenticationFilter [SpringApplicationShutdownHook] ******Filter的destroy方法执行******
2024-02-29 09:58:52,511 INFO com.baomidou.dynamic.datasource.DynamicRoutingDataSource [SpringApplicationShutdownHook] dynamic-datasource start closing ....
2024-02-29 09:58:52,514 INFO com.alibaba.druid.pool.DruidDataSource [SpringApplicationShutdownHook] {dataSource-1} closing ...
2024-02-29 09:58:52,520 INFO com.alibaba.druid.pool.DruidDataSource [SpringApplicationShutdownHook] {dataSource-1} closed
2024-02-29 09:58:52,521 INFO com.alibaba.druid.pool.DruidDataSource [SpringApplicationShutdownHook] {dataSource-2} closing ...
2024-02-29 09:58:52,525 INFO com.alibaba.druid.pool.DruidDataSource [SpringApplicationShutdownHook] {dataSource-2} closed
2024-02-29 09:58:52,526 INFO com.baomidou.dynamic.datasource.DynamicRoutingDataSource [SpringApplicationShutdownHook] dynamic-datasource all closed success,bye
2024-02-29 10:01:23,195 INFO org.springframework.boot.StartupInfoLogger [main] Starting MyNhDemoApplication using Java 1.8.0_111 on DESKTOP-GKJ0SK2 with PID 19500 (D:\IDEAworks\my-nh-demo\target\classes started by h in D:\IDEAworks\my-nh-demo)
2024-02-29 10:01:23,202 INFO org.springframework.boot.SpringApplication [main] No active profile set, falling back to 1 default profile: "default"
2024-02-29 10:01:23,765 INFO org.springframework.data.repository.config.RepositoryConfigurationDelegate [main] Multiple Spring Data modules found, entering strict repository configuration mode
2024-02-29 10:01:23,767 INFO org.springframework.data.repository.config.RepositoryConfigurationDelegate [main] Bootstrapping Spring Data Redis repositories in DEFAULT mode.
2024-02-29 10:01:23,791 INFO org.springframework.data.repository.config.RepositoryConfigurationDelegate [main] Finished Spring Data repository scanning in 14 ms. Found 0 Redis repository interfaces.
2024-02-29 10:01:24,124 INFO org.springframework.context.support.PostProcessorRegistrationDelegate$BeanPostProcessorChecker [main] Bean 'spring.datasource.dynamic-com.baomidou.dynamic.datasource.spring.boot.autoconfigure.DynamicDataSourceProperties' of type [com.baomidou.dynamic.datasource.spring.boot.autoconfigure.DynamicDataSourceProperties] is not eligible for getting processed by all BeanPostProcessors (for example: not eligible for auto-proxying)
2024-02-29 10:01:24,126 INFO org.springframework.context.support.PostProcessorRegistrationDelegate$BeanPostProcessorChecker [main] Bean 'com.baomidou.dynamic.datasource.spring.boot.autoconfigure.DynamicDataSourceAutoConfiguration' of type [com.baomidou.dynamic.datasource.spring.boot.autoconfigure.DynamicDataSourceAutoConfiguration$$EnhancerBySpringCGLIB$$f1651c2] is not eligible for getting processed by all BeanPostProcessors (for example: not eligible for auto-proxying)
2024-02-29 10:01:24,140 INFO org.springframework.context.support.PostProcessorRegistrationDelegate$BeanPostProcessorChecker [main] Bean 'dsProcessor' of type [com.baomidou.dynamic.datasource.processor.DsHeaderProcessor] is not eligible for getting processed by all BeanPostProcessors (for example: not eligible for auto-proxying)
2024-02-29 10:01:24,379 INFO org.springframework.boot.web.embedded.tomcat.TomcatWebServer [main] Tomcat initialized with port(s): 8080 (http)
2024-02-29 10:01:24,388 INFO org.apache.juli.logging.DirectJDKLog [main] Initializing ProtocolHandler ["http-nio-8080"]
2024-02-29 10:01:24,389 INFO org.apache.juli.logging.DirectJDKLog [main] Starting service [Tomcat]
2024-02-29 10:01:24,389 INFO org.apache.juli.logging.DirectJDKLog [main] Starting Servlet engine: [Apache Tomcat/9.0.68]
2024-02-29 10:01:24,529 INFO org.apache.juli.logging.DirectJDKLog [main] Initializing Spring embedded WebApplicationContext
2024-02-29 10:01:24,529 INFO org.springframework.boot.web.servlet.context.ServletWebServerApplicationContext [main] Root WebApplicationContext: initialization completed in 1291 ms
2024-02-29 10:01:24,535 INFO com.example.mynhdemo.filter.config.FilterConfig [main] ******注册自定义的filter过滤器******
2024-02-29 10:01:24,578 INFO com.example.mynhdemo.filter.AuthenticationFilter [main] ******Filter的init方法执行******
2024-02-29 10:01:25,596 INFO com.alibaba.druid.pool.DruidDataSource [main] {dataSource-1,gp} inited
2024-02-29 10:01:25,724 INFO com.alibaba.druid.pool.DruidDataSource [main] {dataSource-2,mysql} inited
2024-02-29 10:01:25,724 INFO com.baomidou.dynamic.datasource.DynamicRoutingDataSource [main] dynamic-datasource - add a datasource named [gp] success
2024-02-29 10:01:25,724 INFO com.baomidou.dynamic.datasource.DynamicRoutingDataSource [main] dynamic-datasource - add a datasource named [mysql] success
2024-02-29 10:01:25,724 INFO com.baomidou.dynamic.datasource.DynamicRoutingDataSource [main] dynamic-datasource initial loaded [2] datasource,primary datasource named [mysql]
2024-02-29 10:01:26,174 INFO org.apache.juli.logging.DirectJDKLog [main] Starting ProtocolHandler ["http-nio-8080"]
2024-02-29 10:01:26,188 INFO org.springframework.boot.web.embedded.tomcat.TomcatWebServer [main] Tomcat started on port(s): 8080 (http) with context path ''
2024-02-29 10:01:26,195 INFO org.springframework.boot.StartupInfoLogger [main] Started MyNhDemoApplication in 3.31 seconds (JVM running for 4.591)
2024-02-29 10:01:38,743 INFO org.apache.juli.logging.DirectJDKLog [http-nio-8080-exec-2] Initializing Spring DispatcherServlet 'dispatcherServlet'
2024-02-29 10:01:38,743 INFO org.springframework.web.servlet.FrameworkServlet [http-nio-8080-exec-2] Initializing Servlet 'dispatcherServlet'
2024-02-29 10:01:38,744 INFO org.springframework.web.servlet.FrameworkServlet [http-nio-8080-exec-2] Completed initialization in 1 ms
2024-02-29 10:01:38,749 INFO com.example.mynhdemo.filter.AuthenticationFilter [http-nio-8080-exec-2] ******Filter的doFilter方法执行******
2024-02-29 10:01:42,745 INFO com.example.mynhdemo.filter.AuthenticationFilter [http-nio-8080-exec-3] ******Filter的doFilter方法执行******
2024-02-29 10:01:46,394 INFO com.example.mynhdemo.controller.LoginController [http-nio-8080-exec-3] 用户：2获取了权限
2024-02-29 10:02:02,375 INFO com.example.mynhdemo.filter.AuthenticationFilter [http-nio-8080-exec-4] ******Filter的doFilter方法执行******
2024-02-29 10:02:02,621 INFO com.example.mynhdemo.filter.AuthenticationFilter [SpringApplicationShutdownHook] ******Filter的destroy方法执行******
2024-02-29 10:02:02,626 INFO com.baomidou.dynamic.datasource.DynamicRoutingDataSource [SpringApplicationShutdownHook] dynamic-datasource start closing ....
2024-02-29 10:02:02,627 INFO com.alibaba.druid.pool.DruidDataSource [SpringApplicationShutdownHook] {dataSource-1} closing ...
2024-02-29 10:02:02,629 INFO com.alibaba.druid.pool.DruidDataSource [SpringApplicationShutdownHook] {dataSource-1} closed
2024-02-29 10:02:02,629 INFO com.alibaba.druid.pool.DruidDataSource [SpringApplicationShutdownHook] {dataSource-2} closing ...
2024-02-29 10:02:02,630 INFO com.alibaba.druid.pool.DruidDataSource [SpringApplicationShutdownHook] {dataSource-2} closed
2024-02-29 10:02:02,630 INFO com.baomidou.dynamic.datasource.DynamicRoutingDataSource [SpringApplicationShutdownHook] dynamic-datasource all closed success,bye
2024-02-29 10:02:24,375 INFO org.springframework.boot.StartupInfoLogger [main] Starting MyNhDemoApplication using Java 1.8.0_111 on DESKTOP-GKJ0SK2 with PID 17132 (D:\IDEAworks\my-nh-demo\target\classes started by h in D:\IDEAworks\my-nh-demo)
2024-02-29 10:02:24,383 INFO org.springframework.boot.SpringApplication [main] No active profile set, falling back to 1 default profile: "default"
2024-02-29 10:02:25,063 INFO org.springframework.data.repository.config.RepositoryConfigurationDelegate [main] Multiple Spring Data modules found, entering strict repository configuration mode
2024-02-29 10:02:25,065 INFO org.springframework.data.repository.config.RepositoryConfigurationDelegate [main] Bootstrapping Spring Data Redis repositories in DEFAULT mode.
2024-02-29 10:02:25,093 INFO org.springframework.data.repository.config.RepositoryConfigurationDelegate [main] Finished Spring Data repository scanning in 14 ms. Found 0 Redis repository interfaces.
2024-02-29 10:02:25,378 INFO org.springframework.context.support.PostProcessorRegistrationDelegate$BeanPostProcessorChecker [main] Bean 'spring.datasource.dynamic-com.baomidou.dynamic.datasource.spring.boot.autoconfigure.DynamicDataSourceProperties' of type [com.baomidou.dynamic.datasource.spring.boot.autoconfigure.DynamicDataSourceProperties] is not eligible for getting processed by all BeanPostProcessors (for example: not eligible for auto-proxying)
2024-02-29 10:02:25,380 INFO org.springframework.context.support.PostProcessorRegistrationDelegate$BeanPostProcessorChecker [main] Bean 'com.baomidou.dynamic.datasource.spring.boot.autoconfigure.DynamicDataSourceAutoConfiguration' of type [com.baomidou.dynamic.datasource.spring.boot.autoconfigure.DynamicDataSourceAutoConfiguration$$EnhancerBySpringCGLIB$$d791dd24] is not eligible for getting processed by all BeanPostProcessors (for example: not eligible for auto-proxying)
2024-02-29 10:02:25,393 INFO org.springframework.context.support.PostProcessorRegistrationDelegate$BeanPostProcessorChecker [main] Bean 'dsProcessor' of type [com.baomidou.dynamic.datasource.processor.DsHeaderProcessor] is not eligible for getting processed by all BeanPostProcessors (for example: not eligible for auto-proxying)
2024-02-29 10:02:25,601 INFO org.springframework.boot.web.embedded.tomcat.TomcatWebServer [main] Tomcat initialized with port(s): 8080 (http)
2024-02-29 10:02:25,613 INFO org.apache.juli.logging.DirectJDKLog [main] Initializing ProtocolHandler ["http-nio-8080"]
2024-02-29 10:02:25,613 INFO org.apache.juli.logging.DirectJDKLog [main] Starting service [Tomcat]
2024-02-29 10:02:25,613 INFO org.apache.juli.logging.DirectJDKLog [main] Starting Servlet engine: [Apache Tomcat/9.0.68]
2024-02-29 10:02:25,721 INFO org.apache.juli.logging.DirectJDKLog [main] Initializing Spring embedded WebApplicationContext
2024-02-29 10:02:25,721 INFO org.springframework.boot.web.servlet.context.ServletWebServerApplicationContext [main] Root WebApplicationContext: initialization completed in 1303 ms
2024-02-29 10:02:25,726 INFO com.example.mynhdemo.filter.config.FilterConfig [main] ******注册自定义的filter过滤器******
2024-02-29 10:02:25,755 INFO com.example.mynhdemo.filter.AuthenticationFilter [main] ******Filter的init方法执行******
2024-02-29 10:02:26,574 INFO com.alibaba.druid.pool.DruidDataSource [main] {dataSource-1,gp} inited
2024-02-29 10:02:26,705 INFO com.alibaba.druid.pool.DruidDataSource [main] {dataSource-2,mysql} inited
2024-02-29 10:02:26,705 INFO com.baomidou.dynamic.datasource.DynamicRoutingDataSource [main] dynamic-datasource - add a datasource named [gp] success
2024-02-29 10:02:26,705 INFO com.baomidou.dynamic.datasource.DynamicRoutingDataSource [main] dynamic-datasource - add a datasource named [mysql] success
2024-02-29 10:02:26,705 INFO com.baomidou.dynamic.datasource.DynamicRoutingDataSource [main] dynamic-datasource initial loaded [2] datasource,primary datasource named [mysql]
2024-02-29 10:02:27,216 INFO org.apache.juli.logging.DirectJDKLog [main] Starting ProtocolHandler ["http-nio-8080"]
2024-02-29 10:02:27,233 INFO org.springframework.boot.web.embedded.tomcat.TomcatWebServer [main] Tomcat started on port(s): 8080 (http) with context path ''
2024-02-29 10:02:27,241 INFO org.springframework.boot.StartupInfoLogger [main] Started MyNhDemoApplication in 3.219 seconds (JVM running for 4.611)
2024-02-29 10:02:40,367 INFO org.apache.juli.logging.DirectJDKLog [http-nio-8080-exec-1] Initializing Spring DispatcherServlet 'dispatcherServlet'
2024-02-29 10:02:40,367 INFO org.springframework.web.servlet.FrameworkServlet [http-nio-8080-exec-1] Initializing Servlet 'dispatcherServlet'
2024-02-29 10:02:40,368 INFO org.springframework.web.servlet.FrameworkServlet [http-nio-8080-exec-1] Completed initialization in 1 ms
2024-02-29 10:02:40,374 INFO com.example.mynhdemo.filter.AuthenticationFilter [http-nio-8080-exec-1] ******Filter的doFilter方法执行******
2024-02-29 10:02:54,631 INFO com.example.mynhdemo.filter.AuthenticationFilter [http-nio-8080-exec-2] ******Filter的doFilter方法执行******
2024-02-29 10:03:12,679 INFO com.example.mynhdemo.controller.LoginController [http-nio-8080-exec-2] 用户：2获取了权限
2024-02-29 10:03:12,680 INFO com.example.mynhdemo.filter.AuthenticationFilter [http-nio-8080-exec-4] ******Filter的doFilter方法执行******
2024-02-29 10:03:12,921 INFO com.example.mynhdemo.filter.AuthenticationFilter [SpringApplicationShutdownHook] ******Filter的destroy方法执行******
2024-02-29 10:03:12,926 INFO com.baomidou.dynamic.datasource.DynamicRoutingDataSource [SpringApplicationShutdownHook] dynamic-datasource start closing ....
2024-02-29 10:03:12,928 INFO com.alibaba.druid.pool.DruidDataSource [SpringApplicationShutdownHook] {dataSource-1} closing ...
2024-02-29 10:03:12,930 INFO com.alibaba.druid.pool.DruidDataSource [SpringApplicationShutdownHook] {dataSource-1} closed
2024-02-29 10:03:12,930 INFO com.alibaba.druid.pool.DruidDataSource [SpringApplicationShutdownHook] {dataSource-2} closing ...
2024-02-29 10:03:12,931 INFO com.alibaba.druid.pool.DruidDataSource [SpringApplicationShutdownHook] {dataSource-2} closed
2024-02-29 10:03:12,932 INFO com.baomidou.dynamic.datasource.DynamicRoutingDataSource [SpringApplicationShutdownHook] dynamic-datasource all closed success,bye
2024-02-29 10:04:24,612 INFO org.springframework.boot.StartupInfoLogger [main] Starting MyNhDemoApplication using Java 1.8.0_111 on DESKTOP-GKJ0SK2 with PID 8640 (D:\IDEAworks\my-nh-demo\target\classes started by h in D:\IDEAworks\my-nh-demo)
2024-02-29 10:04:24,618 INFO org.springframework.boot.SpringApplication [main] No active profile set, falling back to 1 default profile: "default"
2024-02-29 10:04:25,111 INFO org.springframework.data.repository.config.RepositoryConfigurationDelegate [main] Multiple Spring Data modules found, entering strict repository configuration mode
2024-02-29 10:04:25,113 INFO org.springframework.data.repository.config.RepositoryConfigurationDelegate [main] Bootstrapping Spring Data Redis repositories in DEFAULT mode.
2024-02-29 10:04:25,137 INFO org.springframework.data.repository.config.RepositoryConfigurationDelegate [main] Finished Spring Data repository scanning in 14 ms. Found 0 Redis repository interfaces.
2024-02-29 10:04:25,410 INFO org.springframework.context.support.PostProcessorRegistrationDelegate$BeanPostProcessorChecker [main] Bean 'spring.datasource.dynamic-com.baomidou.dynamic.datasource.spring.boot.autoconfigure.DynamicDataSourceProperties' of type [com.baomidou.dynamic.datasource.spring.boot.autoconfigure.DynamicDataSourceProperties] is not eligible for getting processed by all BeanPostProcessors (for example: not eligible for auto-proxying)
2024-02-29 10:04:25,412 INFO org.springframework.context.support.PostProcessorRegistrationDelegate$BeanPostProcessorChecker [main] Bean 'com.baomidou.dynamic.datasource.spring.boot.autoconfigure.DynamicDataSourceAutoConfiguration' of type [com.baomidou.dynamic.datasource.spring.boot.autoconfigure.DynamicDataSourceAutoConfiguration$$EnhancerBySpringCGLIB$$a7936082] is not eligible for getting processed by all BeanPostProcessors (for example: not eligible for auto-proxying)
2024-02-29 10:04:25,424 INFO org.springframework.context.support.PostProcessorRegistrationDelegate$BeanPostProcessorChecker [main] Bean 'dsProcessor' of type [com.baomidou.dynamic.datasource.processor.DsHeaderProcessor] is not eligible for getting processed by all BeanPostProcessors (for example: not eligible for auto-proxying)
2024-02-29 10:04:25,642 INFO org.springframework.boot.web.embedded.tomcat.TomcatWebServer [main] Tomcat initialized with port(s): 8080 (http)
2024-02-29 10:04:25,651 INFO org.apache.juli.logging.DirectJDKLog [main] Initializing ProtocolHandler ["http-nio-8080"]
2024-02-29 10:04:25,652 INFO org.apache.juli.logging.DirectJDKLog [main] Starting service [Tomcat]
2024-02-29 10:04:25,652 INFO org.apache.juli.logging.DirectJDKLog [main] Starting Servlet engine: [Apache Tomcat/9.0.68]
2024-02-29 10:04:25,759 INFO org.apache.juli.logging.DirectJDKLog [main] Initializing Spring embedded WebApplicationContext
2024-02-29 10:04:25,759 INFO org.springframework.boot.web.servlet.context.ServletWebServerApplicationContext [main] Root WebApplicationContext: initialization completed in 1111 ms
2024-02-29 10:04:25,764 INFO com.example.mynhdemo.filter.config.FilterConfig [main] ******注册自定义的filter过滤器******
2024-02-29 10:04:25,799 INFO com.example.mynhdemo.filter.AuthenticationFilter [main] ******Filter的init方法执行******
2024-02-29 10:04:26,805 INFO com.alibaba.druid.pool.DruidDataSource [main] {dataSource-1,gp} inited
2024-02-29 10:04:26,988 INFO com.alibaba.druid.pool.DruidDataSource [main] {dataSource-2,mysql} inited
2024-02-29 10:04:26,988 INFO com.baomidou.dynamic.datasource.DynamicRoutingDataSource [main] dynamic-datasource - add a datasource named [gp] success
2024-02-29 10:04:26,988 INFO com.baomidou.dynamic.datasource.DynamicRoutingDataSource [main] dynamic-datasource - add a datasource named [mysql] success
2024-02-29 10:04:26,988 INFO com.baomidou.dynamic.datasource.DynamicRoutingDataSource [main] dynamic-datasource initial loaded [2] datasource,primary datasource named [mysql]
2024-02-29 10:04:27,514 INFO org.apache.juli.logging.DirectJDKLog [main] Starting ProtocolHandler ["http-nio-8080"]
2024-02-29 10:04:27,527 INFO org.springframework.boot.web.embedded.tomcat.TomcatWebServer [main] Tomcat started on port(s): 8080 (http) with context path ''
2024-02-29 10:04:27,534 INFO org.springframework.boot.StartupInfoLogger [main] Started MyNhDemoApplication in 3.285 seconds (JVM running for 4.658)
2024-02-29 10:04:55,619 INFO org.apache.juli.logging.DirectJDKLog [http-nio-8080-exec-1] Initializing Spring DispatcherServlet 'dispatcherServlet'
2024-02-29 10:04:55,619 INFO org.springframework.web.servlet.FrameworkServlet [http-nio-8080-exec-1] Initializing Servlet 'dispatcherServlet'
2024-02-29 10:04:55,620 INFO org.springframework.web.servlet.FrameworkServlet [http-nio-8080-exec-1] Completed initialization in 1 ms
2024-02-29 10:04:55,624 INFO com.example.mynhdemo.filter.AuthenticationFilter [http-nio-8080-exec-1] ******Filter的doFilter方法执行******
2024-02-29 10:05:04,776 INFO com.example.mynhdemo.filter.AuthenticationFilter [http-nio-8080-exec-3] ******Filter的doFilter方法执行******
2024-02-29 10:05:15,568 INFO com.example.mynhdemo.controller.LoginController [http-nio-8080-exec-3] 用户：2获取了权限
2024-02-29 10:05:15,569 INFO com.example.mynhdemo.filter.AuthenticationFilter [http-nio-8080-exec-4] ******Filter的doFilter方法执行******
2024-02-29 10:05:15,808 INFO com.example.mynhdemo.filter.AuthenticationFilter [SpringApplicationShutdownHook] ******Filter的destroy方法执行******
2024-02-29 10:05:15,814 INFO com.baomidou.dynamic.datasource.DynamicRoutingDataSource [SpringApplicationShutdownHook] dynamic-datasource start closing ....
2024-02-29 10:05:15,816 INFO com.alibaba.druid.pool.DruidDataSource [SpringApplicationShutdownHook] {dataSource-1} closing ...
2024-02-29 10:05:15,818 INFO com.alibaba.druid.pool.DruidDataSource [SpringApplicationShutdownHook] {dataSource-1} closed
2024-02-29 10:05:15,818 INFO com.alibaba.druid.pool.DruidDataSource [SpringApplicationShutdownHook] {dataSource-2} closing ...
2024-02-29 10:05:15,819 INFO com.alibaba.druid.pool.DruidDataSource [SpringApplicationShutdownHook] {dataSource-2} closed
2024-02-29 10:05:15,819 INFO com.baomidou.dynamic.datasource.DynamicRoutingDataSource [SpringApplicationShutdownHook] dynamic-datasource all closed success,bye
2024-02-29 10:07:33,800 INFO org.springframework.boot.StartupInfoLogger [main] Starting MyNhDemoApplication using Java 1.8.0_111 on DESKTOP-GKJ0SK2 with PID 3348 (D:\IDEAworks\my-nh-demo\target\classes started by h in D:\IDEAworks\my-nh-demo)
2024-02-29 10:07:33,807 INFO org.springframework.boot.SpringApplication [main] No active profile set, falling back to 1 default profile: "default"
2024-02-29 10:07:34,392 INFO org.springframework.data.repository.config.RepositoryConfigurationDelegate [main] Multiple Spring Data modules found, entering strict repository configuration mode
2024-02-29 10:07:34,394 INFO org.springframework.data.repository.config.RepositoryConfigurationDelegate [main] Bootstrapping Spring Data Redis repositories in DEFAULT mode.
2024-02-29 10:07:34,426 INFO org.springframework.data.repository.config.RepositoryConfigurationDelegate [main] Finished Spring Data repository scanning in 17 ms. Found 0 Redis repository interfaces.
2024-02-29 10:07:34,752 INFO org.springframework.context.support.PostProcessorRegistrationDelegate$BeanPostProcessorChecker [main] Bean 'spring.datasource.dynamic-com.baomidou.dynamic.datasource.spring.boot.autoconfigure.DynamicDataSourceProperties' of type [com.baomidou.dynamic.datasource.spring.boot.autoconfigure.DynamicDataSourceProperties] is not eligible for getting processed by all BeanPostProcessors (for example: not eligible for auto-proxying)
2024-02-29 10:07:34,754 INFO org.springframework.context.support.PostProcessorRegistrationDelegate$BeanPostProcessorChecker [main] Bean 'com.baomidou.dynamic.datasource.spring.boot.autoconfigure.DynamicDataSourceAutoConfiguration' of type [com.baomidou.dynamic.datasource.spring.boot.autoconfigure.DynamicDataSourceAutoConfiguration$$EnhancerBySpringCGLIB$$95c02c40] is not eligible for getting processed by all BeanPostProcessors (for example: not eligible for auto-proxying)
2024-02-29 10:07:34,769 INFO org.springframework.context.support.PostProcessorRegistrationDelegate$BeanPostProcessorChecker [main] Bean 'dsProcessor' of type [com.baomidou.dynamic.datasource.processor.DsHeaderProcessor] is not eligible for getting processed by all BeanPostProcessors (for example: not eligible for auto-proxying)
2024-02-29 10:07:35,009 INFO org.springframework.boot.web.embedded.tomcat.TomcatWebServer [main] Tomcat initialized with port(s): 8080 (http)
2024-02-29 10:07:35,016 INFO org.apache.juli.logging.DirectJDKLog [main] Initializing ProtocolHandler ["http-nio-8080"]
2024-02-29 10:07:35,017 INFO org.apache.juli.logging.DirectJDKLog [main] Starting service [Tomcat]
2024-02-29 10:07:35,017 INFO org.apache.juli.logging.DirectJDKLog [main] Starting Servlet engine: [Apache Tomcat/9.0.68]
2024-02-29 10:07:35,115 INFO org.apache.juli.logging.DirectJDKLog [main] Initializing Spring embedded WebApplicationContext
2024-02-29 10:07:35,115 INFO org.springframework.boot.web.servlet.context.ServletWebServerApplicationContext [main] Root WebApplicationContext: initialization completed in 1274 ms
2024-02-29 10:07:35,120 INFO com.example.mynhdemo.filter.config.FilterConfig [main] ******注册自定义的filter过滤器******
2024-02-29 10:07:35,155 INFO com.example.mynhdemo.filter.AuthenticationFilter [main] ******Filter的init方法执行******
2024-02-29 10:07:35,947 INFO com.alibaba.druid.pool.DruidDataSource [main] {dataSource-1,gp} inited
2024-02-29 10:07:36,082 INFO com.alibaba.druid.pool.DruidDataSource [main] {dataSource-2,mysql} inited
2024-02-29 10:07:36,082 INFO com.baomidou.dynamic.datasource.DynamicRoutingDataSource [main] dynamic-datasource - add a datasource named [gp] success
2024-02-29 10:07:36,083 INFO com.baomidou.dynamic.datasource.DynamicRoutingDataSource [main] dynamic-datasource - add a datasource named [mysql] success
2024-02-29 10:07:36,083 INFO com.baomidou.dynamic.datasource.DynamicRoutingDataSource [main] dynamic-datasource initial loaded [2] datasource,primary datasource named [mysql]
2024-02-29 10:07:36,615 INFO org.apache.juli.logging.DirectJDKLog [main] Starting ProtocolHandler ["http-nio-8080"]
2024-02-29 10:07:36,629 INFO org.springframework.boot.web.embedded.tomcat.TomcatWebServer [main] Tomcat started on port(s): 8080 (http) with context path ''
2024-02-29 10:07:36,636 INFO org.springframework.boot.StartupInfoLogger [main] Started MyNhDemoApplication in 3.18 seconds (JVM running for 4.453)
2024-02-29 10:07:58,487 INFO org.apache.juli.logging.DirectJDKLog [http-nio-8080-exec-1] Initializing Spring DispatcherServlet 'dispatcherServlet'
2024-02-29 10:07:58,487 INFO org.springframework.web.servlet.FrameworkServlet [http-nio-8080-exec-1] Initializing Servlet 'dispatcherServlet'
2024-02-29 10:07:58,488 INFO org.springframework.web.servlet.FrameworkServlet [http-nio-8080-exec-1] Completed initialization in 1 ms
2024-02-29 10:07:58,492 INFO com.example.mynhdemo.filter.AuthenticationFilter [http-nio-8080-exec-1] ******Filter的doFilter方法执行******
2024-02-29 10:09:38,848 INFO com.example.mynhdemo.filter.AuthenticationFilter [SpringApplicationShutdownHook] ******Filter的destroy方法执行******
2024-02-29 10:09:38,853 INFO com.baomidou.dynamic.datasource.DynamicRoutingDataSource [SpringApplicationShutdownHook] dynamic-datasource start closing ....
2024-02-29 10:09:38,855 INFO com.alibaba.druid.pool.DruidDataSource [SpringApplicationShutdownHook] {dataSource-1} closing ...
2024-02-29 10:09:38,857 INFO com.alibaba.druid.pool.DruidDataSource [SpringApplicationShutdownHook] {dataSource-1} closed
2024-02-29 10:09:38,857 INFO com.alibaba.druid.pool.DruidDataSource [SpringApplicationShutdownHook] {dataSource-2} closing ...
2024-02-29 10:09:38,857 INFO com.alibaba.druid.pool.DruidDataSource [SpringApplicationShutdownHook] {dataSource-2} closed
2024-02-29 10:09:38,857 INFO com.baomidou.dynamic.datasource.DynamicRoutingDataSource [SpringApplicationShutdownHook] dynamic-datasource all closed success,bye
2024-02-29 10:10:00,126 INFO org.springframework.boot.StartupInfoLogger [main] Starting MyNhDemoApplication using Java 1.8.0_111 on DESKTOP-GKJ0SK2 with PID 19484 (D:\IDEAworks\my-nh-demo\target\classes started by h in D:\IDEAworks\my-nh-demo)
2024-02-29 10:10:00,133 INFO org.springframework.boot.SpringApplication [main] No active profile set, falling back to 1 default profile: "default"
2024-02-29 10:10:00,670 INFO org.springframework.data.repository.config.RepositoryConfigurationDelegate [main] Multiple Spring Data modules found, entering strict repository configuration mode
2024-02-29 10:10:00,673 INFO org.springframework.data.repository.config.RepositoryConfigurationDelegate [main] Bootstrapping Spring Data Redis repositories in DEFAULT mode.
2024-02-29 10:10:00,698 INFO org.springframework.data.repository.config.RepositoryConfigurationDelegate [main] Finished Spring Data repository scanning in 13 ms. Found 0 Redis repository interfaces.
2024-02-29 10:10:00,972 INFO org.springframework.context.support.PostProcessorRegistrationDelegate$BeanPostProcessorChecker [main] Bean 'spring.datasource.dynamic-com.baomidou.dynamic.datasource.spring.boot.autoconfigure.DynamicDataSourceProperties' of type [com.baomidou.dynamic.datasource.spring.boot.autoconfigure.DynamicDataSourceProperties] is not eligible for getting processed by all BeanPostProcessors (for example: not eligible for auto-proxying)
2024-02-29 10:10:00,973 INFO org.springframework.context.support.PostProcessorRegistrationDelegate$BeanPostProcessorChecker [main] Bean 'com.baomidou.dynamic.datasource.spring.boot.autoconfigure.DynamicDataSourceAutoConfiguration' of type [com.baomidou.dynamic.datasource.spring.boot.autoconfigure.DynamicDataSourceAutoConfiguration$$EnhancerBySpringCGLIB$$9ec9288] is not eligible for getting processed by all BeanPostProcessors (for example: not eligible for auto-proxying)
2024-02-29 10:10:00,985 INFO org.springframework.context.support.PostProcessorRegistrationDelegate$BeanPostProcessorChecker [main] Bean 'dsProcessor' of type [com.baomidou.dynamic.datasource.processor.DsHeaderProcessor] is not eligible for getting processed by all BeanPostProcessors (for example: not eligible for auto-proxying)
2024-02-29 10:10:01,196 INFO org.springframework.boot.web.embedded.tomcat.TomcatWebServer [main] Tomcat initialized with port(s): 8080 (http)
2024-02-29 10:10:01,205 INFO org.apache.juli.logging.DirectJDKLog [main] Initializing ProtocolHandler ["http-nio-8080"]
2024-02-29 10:10:01,206 INFO org.apache.juli.logging.DirectJDKLog [main] Starting service [Tomcat]
2024-02-29 10:10:01,206 INFO org.apache.juli.logging.DirectJDKLog [main] Starting Servlet engine: [Apache Tomcat/9.0.68]
2024-02-29 10:10:01,323 INFO org.apache.juli.logging.DirectJDKLog [main] Initializing Spring embedded WebApplicationContext
2024-02-29 10:10:01,323 INFO org.springframework.boot.web.servlet.context.ServletWebServerApplicationContext [main] Root WebApplicationContext: initialization completed in 1162 ms
2024-02-29 10:10:01,328 INFO com.example.mynhdemo.filter.config.FilterConfig [main] ******注册自定义的filter过滤器******
2024-02-29 10:10:01,364 INFO com.example.mynhdemo.filter.AuthenticationFilter [main] ******Filter的init方法执行******
2024-02-29 10:10:02,152 INFO com.alibaba.druid.pool.DruidDataSource [main] {dataSource-1,gp} inited
2024-02-29 10:10:02,302 INFO com.alibaba.druid.pool.DruidDataSource [main] {dataSource-2,mysql} inited
2024-02-29 10:10:02,303 INFO com.baomidou.dynamic.datasource.DynamicRoutingDataSource [main] dynamic-datasource - add a datasource named [gp] success
2024-02-29 10:10:02,303 INFO com.baomidou.dynamic.datasource.DynamicRoutingDataSource [main] dynamic-datasource - add a datasource named [mysql] success
2024-02-29 10:10:02,303 INFO com.baomidou.dynamic.datasource.DynamicRoutingDataSource [main] dynamic-datasource initial loaded [2] datasource,primary datasource named [mysql]
2024-02-29 10:10:02,828 INFO org.apache.juli.logging.DirectJDKLog [main] Starting ProtocolHandler ["http-nio-8080"]
2024-02-29 10:10:02,842 INFO org.springframework.boot.web.embedded.tomcat.TomcatWebServer [main] Tomcat started on port(s): 8080 (http) with context path ''
2024-02-29 10:10:02,849 INFO org.springframework.boot.StartupInfoLogger [main] Started MyNhDemoApplication in 3.05 seconds (JVM running for 4.468)
2024-02-29 10:10:17,074 INFO org.apache.juli.logging.DirectJDKLog [http-nio-8080-exec-1] Initializing Spring DispatcherServlet 'dispatcherServlet'
2024-02-29 10:10:17,075 INFO org.springframework.web.servlet.FrameworkServlet [http-nio-8080-exec-1] Initializing Servlet 'dispatcherServlet'
2024-02-29 10:10:17,078 INFO org.springframework.web.servlet.FrameworkServlet [http-nio-8080-exec-1] Completed initialization in 3 ms
2024-02-29 10:10:17,086 INFO com.example.mynhdemo.filter.AuthenticationFilter [http-nio-8080-exec-1] ******Filter的doFilter方法执行******
2024-02-29 10:10:21,535 INFO com.example.mynhdemo.filter.AuthenticationFilter [http-nio-8080-exec-3] ******Filter的doFilter方法执行******
2024-02-29 10:10:23,583 INFO com.example.mynhdemo.controller.LoginController [http-nio-8080-exec-3] 用户：2获取了权限
2024-02-29 10:10:39,796 INFO com.example.mynhdemo.filter.AuthenticationFilter [http-nio-8080-exec-4] ******Filter的doFilter方法执行******
2024-02-29 10:10:40,042 INFO com.example.mynhdemo.filter.AuthenticationFilter [SpringApplicationShutdownHook] ******Filter的destroy方法执行******
2024-02-29 10:10:40,049 INFO com.baomidou.dynamic.datasource.DynamicRoutingDataSource [SpringApplicationShutdownHook] dynamic-datasource start closing ....
2024-02-29 10:10:40,051 INFO com.alibaba.druid.pool.DruidDataSource [SpringApplicationShutdownHook] {dataSource-1} closing ...
2024-02-29 10:10:40,052 INFO com.alibaba.druid.pool.DruidDataSource [SpringApplicationShutdownHook] {dataSource-1} closed
2024-02-29 10:10:40,052 INFO com.alibaba.druid.pool.DruidDataSource [SpringApplicationShutdownHook] {dataSource-2} closing ...
2024-02-29 10:10:40,053 INFO com.alibaba.druid.pool.DruidDataSource [SpringApplicationShutdownHook] {dataSource-2} closed
2024-02-29 10:10:40,053 INFO com.baomidou.dynamic.datasource.DynamicRoutingDataSource [SpringApplicationShutdownHook] dynamic-datasource all closed success,bye
2024-02-29 10:12:19,437 INFO org.springframework.boot.StartupInfoLogger [main] Starting MyNhDemoApplication using Java 1.8.0_111 on DESKTOP-GKJ0SK2 with PID 8916 (D:\IDEAworks\my-nh-demo\target\classes started by h in D:\IDEAworks\my-nh-demo)
2024-02-29 10:12:19,445 INFO org.springframework.boot.SpringApplication [main] No active profile set, falling back to 1 default profile: "default"
2024-02-29 10:12:20,071 INFO org.springframework.data.repository.config.RepositoryConfigurationDelegate [main] Multiple Spring Data modules found, entering strict repository configuration mode
2024-02-29 10:12:20,074 INFO org.springframework.data.repository.config.RepositoryConfigurationDelegate [main] Bootstrapping Spring Data Redis repositories in DEFAULT mode.
2024-02-29 10:12:20,117 INFO org.springframework.data.repository.config.RepositoryConfigurationDelegate [main] Finished Spring Data repository scanning in 21 ms. Found 0 Redis repository interfaces.
2024-02-29 10:12:20,619 INFO org.springframework.context.support.PostProcessorRegistrationDelegate$BeanPostProcessorChecker [main] Bean 'spring.datasource.dynamic-com.baomidou.dynamic.datasource.spring.boot.autoconfigure.DynamicDataSourceProperties' of type [com.baomidou.dynamic.datasource.spring.boot.autoconfigure.DynamicDataSourceProperties] is not eligible for getting processed by all BeanPostProcessors (for example: not eligible for auto-proxying)
2024-02-29 10:12:20,622 INFO org.springframework.context.support.PostProcessorRegistrationDelegate$BeanPostProcessorChecker [main] Bean 'com.baomidou.dynamic.datasource.spring.boot.autoconfigure.DynamicDataSourceAutoConfiguration' of type [com.baomidou.dynamic.datasource.spring.boot.autoconfigure.DynamicDataSourceAutoConfiguration$$EnhancerBySpringCGLIB$$a7936082] is not eligible for getting processed by all BeanPostProcessors (for example: not eligible for auto-proxying)
2024-02-29 10:12:20,641 INFO org.springframework.context.support.PostProcessorRegistrationDelegate$BeanPostProcessorChecker [main] Bean 'dsProcessor' of type [com.baomidou.dynamic.datasource.processor.DsHeaderProcessor] is not eligible for getting processed by all BeanPostProcessors (for example: not eligible for auto-proxying)
2024-02-29 10:12:20,954 INFO org.springframework.boot.web.embedded.tomcat.TomcatWebServer [main] Tomcat initialized with port(s): 8080 (http)
2024-02-29 10:12:20,963 INFO org.apache.juli.logging.DirectJDKLog [main] Initializing ProtocolHandler ["http-nio-8080"]
2024-02-29 10:12:20,963 INFO org.apache.juli.logging.DirectJDKLog [main] Starting service [Tomcat]
2024-02-29 10:12:20,963 INFO org.apache.juli.logging.DirectJDKLog [main] Starting Servlet engine: [Apache Tomcat/9.0.68]
2024-02-29 10:12:21,075 INFO org.apache.juli.logging.DirectJDKLog [main] Initializing Spring embedded WebApplicationContext
2024-02-29 10:12:21,075 INFO org.springframework.boot.web.servlet.context.ServletWebServerApplicationContext [main] Root WebApplicationContext: initialization completed in 1585 ms
2024-02-29 10:12:21,079 INFO com.example.mynhdemo.filter.config.FilterConfig [main] ******注册自定义的filter过滤器******
2024-02-29 10:12:21,112 INFO com.example.mynhdemo.filter.AuthenticationFilter [main] ******Filter的init方法执行******
2024-02-29 10:12:22,008 INFO com.alibaba.druid.pool.DruidDataSource [main] {dataSource-1,gp} inited
2024-02-29 10:12:22,186 INFO com.alibaba.druid.pool.DruidDataSource [main] {dataSource-2,mysql} inited
2024-02-29 10:12:22,186 INFO com.baomidou.dynamic.datasource.DynamicRoutingDataSource [main] dynamic-datasource - add a datasource named [gp] success
2024-02-29 10:12:22,187 INFO com.baomidou.dynamic.datasource.DynamicRoutingDataSource [main] dynamic-datasource - add a datasource named [mysql] success
2024-02-29 10:12:22,187 INFO com.baomidou.dynamic.datasource.DynamicRoutingDataSource [main] dynamic-datasource initial loaded [2] datasource,primary datasource named [mysql]
2024-02-29 10:12:22,773 INFO org.apache.juli.logging.DirectJDKLog [main] Starting ProtocolHandler ["http-nio-8080"]
2024-02-29 10:12:22,786 INFO org.springframework.boot.web.embedded.tomcat.TomcatWebServer [main] Tomcat started on port(s): 8080 (http) with context path ''
2024-02-29 10:12:22,795 INFO org.springframework.boot.StartupInfoLogger [main] Started MyNhDemoApplication in 3.801 seconds (JVM running for 5.071)
2024-02-29 10:12:29,417 INFO org.apache.juli.logging.DirectJDKLog [http-nio-8080-exec-1] Initializing Spring DispatcherServlet 'dispatcherServlet'
2024-02-29 10:12:29,417 INFO org.springframework.web.servlet.FrameworkServlet [http-nio-8080-exec-1] Initializing Servlet 'dispatcherServlet'
2024-02-29 10:12:29,418 INFO org.springframework.web.servlet.FrameworkServlet [http-nio-8080-exec-1] Completed initialization in 1 ms
2024-02-29 10:12:29,422 INFO com.example.mynhdemo.filter.AuthenticationFilter [http-nio-8080-exec-1] ******Filter的doFilter方法执行******
2024-02-29 10:12:32,089 INFO com.example.mynhdemo.filter.AuthenticationFilter [http-nio-8080-exec-2] ******Filter的doFilter方法执行******
2024-02-29 10:12:34,392 INFO com.example.mynhdemo.controller.LoginController [http-nio-8080-exec-2] 用户：2获取了权限
2024-02-29 10:12:40,812 INFO com.example.mynhdemo.filter.AuthenticationFilter [SpringApplicationShutdownHook] ******Filter的destroy方法执行******
2024-02-29 10:12:40,828 INFO com.baomidou.dynamic.datasource.DynamicRoutingDataSource [SpringApplicationShutdownHook] dynamic-datasource start closing ....
2024-02-29 10:12:40,831 INFO com.alibaba.druid.pool.DruidDataSource [SpringApplicationShutdownHook] {dataSource-1} closing ...
2024-02-29 10:12:40,833 INFO com.alibaba.druid.pool.DruidDataSource [SpringApplicationShutdownHook] {dataSource-1} closed
2024-02-29 10:12:40,833 INFO com.alibaba.druid.pool.DruidDataSource [SpringApplicationShutdownHook] {dataSource-2} closing ...
2024-02-29 10:12:40,834 INFO com.alibaba.druid.pool.DruidDataSource [SpringApplicationShutdownHook] {dataSource-2} closed
2024-02-29 10:12:40,835 INFO com.baomidou.dynamic.datasource.DynamicRoutingDataSource [SpringApplicationShutdownHook] dynamic-datasource all closed success,bye
2024-02-29 10:13:10,594 INFO org.springframework.boot.StartupInfoLogger [main] Starting MyNhDemoApplication using Java 1.8.0_111 on DESKTOP-GKJ0SK2 with PID 19356 (D:\IDEAworks\my-nh-demo\target\classes started by h in D:\IDEAworks\my-nh-demo)
2024-02-29 10:13:10,602 INFO org.springframework.boot.SpringApplication [main] No active profile set, falling back to 1 default profile: "default"
2024-02-29 10:13:11,185 INFO org.springframework.data.repository.config.RepositoryConfigurationDelegate [main] Multiple Spring Data modules found, entering strict repository configuration mode
2024-02-29 10:13:11,187 INFO org.springframework.data.repository.config.RepositoryConfigurationDelegate [main] Bootstrapping Spring Data Redis repositories in DEFAULT mode.
2024-02-29 10:13:11,236 INFO org.springframework.data.repository.config.RepositoryConfigurationDelegate [main] Finished Spring Data repository scanning in 30 ms. Found 0 Redis repository interfaces.
2024-02-29 10:13:11,636 INFO org.springframework.context.support.PostProcessorRegistrationDelegate$BeanPostProcessorChecker [main] Bean 'spring.datasource.dynamic-com.baomidou.dynamic.datasource.spring.boot.autoconfigure.DynamicDataSourceProperties' of type [com.baomidou.dynamic.datasource.spring.boot.autoconfigure.DynamicDataSourceProperties] is not eligible for getting processed by all BeanPostProcessors (for example: not eligible for auto-proxying)
2024-02-29 10:13:11,639 INFO org.springframework.context.support.PostProcessorRegistrationDelegate$BeanPostProcessorChecker [main] Bean 'com.baomidou.dynamic.datasource.spring.boot.autoconfigure.DynamicDataSourceAutoConfiguration' of type [com.baomidou.dynamic.datasource.spring.boot.autoconfigure.DynamicDataSourceAutoConfiguration$$EnhancerBySpringCGLIB$$47dc9be5] is not eligible for getting processed by all BeanPostProcessors (for example: not eligible for auto-proxying)
2024-02-29 10:13:11,661 INFO org.springframework.context.support.PostProcessorRegistrationDelegate$BeanPostProcessorChecker [main] Bean 'dsProcessor' of type [com.baomidou.dynamic.datasource.processor.DsHeaderProcessor] is not eligible for getting processed by all BeanPostProcessors (for example: not eligible for auto-proxying)
2024-02-29 10:13:11,895 INFO org.springframework.boot.web.embedded.tomcat.TomcatWebServer [main] Tomcat initialized with port(s): 8080 (http)
2024-02-29 10:13:11,903 INFO org.apache.juli.logging.DirectJDKLog [main] Initializing ProtocolHandler ["http-nio-8080"]
2024-02-29 10:13:11,904 INFO org.apache.juli.logging.DirectJDKLog [main] Starting service [Tomcat]
2024-02-29 10:13:11,904 INFO org.apache.juli.logging.DirectJDKLog [main] Starting Servlet engine: [Apache Tomcat/9.0.68]
2024-02-29 10:13:12,053 INFO org.apache.juli.logging.DirectJDKLog [main] Initializing Spring embedded WebApplicationContext
2024-02-29 10:13:12,054 INFO org.springframework.boot.web.servlet.context.ServletWebServerApplicationContext [main] Root WebApplicationContext: initialization completed in 1419 ms
2024-02-29 10:13:12,067 INFO com.example.mynhdemo.filter.config.FilterConfig [main] ******注册自定义的filter过滤器******
2024-02-29 10:13:12,128 INFO com.example.mynhdemo.filter.AuthenticationFilter [main] ******Filter的init方法执行******
2024-02-29 10:13:12,995 INFO com.alibaba.druid.pool.DruidDataSource [main] {dataSource-1,gp} inited
2024-02-29 10:13:13,112 INFO com.alibaba.druid.pool.DruidDataSource [main] {dataSource-2,mysql} inited
2024-02-29 10:13:13,112 INFO com.baomidou.dynamic.datasource.DynamicRoutingDataSource [main] dynamic-datasource - add a datasource named [gp] success
2024-02-29 10:13:13,112 INFO com.baomidou.dynamic.datasource.DynamicRoutingDataSource [main] dynamic-datasource - add a datasource named [mysql] success
2024-02-29 10:13:13,113 INFO com.baomidou.dynamic.datasource.DynamicRoutingDataSource [main] dynamic-datasource initial loaded [2] datasource,primary datasource named [mysql]
2024-02-29 10:13:13,589 INFO org.apache.juli.logging.DirectJDKLog [main] Starting ProtocolHandler ["http-nio-8080"]
2024-02-29 10:13:13,601 INFO org.springframework.boot.web.embedded.tomcat.TomcatWebServer [main] Tomcat started on port(s): 8080 (http) with context path ''
2024-02-29 10:13:13,607 INFO org.springframework.boot.StartupInfoLogger [main] Started MyNhDemoApplication in 3.438 seconds (JVM running for 4.783)
2024-02-29 10:13:23,795 INFO org.apache.juli.logging.DirectJDKLog [http-nio-8080-exec-1] Initializing Spring DispatcherServlet 'dispatcherServlet'
2024-02-29 10:13:23,796 INFO org.springframework.web.servlet.FrameworkServlet [http-nio-8080-exec-1] Initializing Servlet 'dispatcherServlet'
2024-02-29 10:13:23,796 INFO org.springframework.web.servlet.FrameworkServlet [http-nio-8080-exec-1] Completed initialization in 0 ms
2024-02-29 10:13:23,801 INFO com.example.mynhdemo.filter.AuthenticationFilter [http-nio-8080-exec-1] ******Filter的doFilter方法执行******
2024-02-29 10:13:26,456 INFO com.example.mynhdemo.filter.AuthenticationFilter [http-nio-8080-exec-2] ******Filter的doFilter方法执行******
2024-02-29 10:13:35,249 INFO com.example.mynhdemo.filter.AuthenticationFilter [SpringApplicationShutdownHook] ******Filter的destroy方法执行******
2024-02-29 10:13:35,254 INFO com.baomidou.dynamic.datasource.DynamicRoutingDataSource [SpringApplicationShutdownHook] dynamic-datasource start closing ....
2024-02-29 10:13:35,255 INFO com.alibaba.druid.pool.DruidDataSource [SpringApplicationShutdownHook] {dataSource-1} closing ...
2024-02-29 10:13:35,257 INFO com.alibaba.druid.pool.DruidDataSource [SpringApplicationShutdownHook] {dataSource-1} closed
2024-02-29 10:13:35,257 INFO com.alibaba.druid.pool.DruidDataSource [SpringApplicationShutdownHook] {dataSource-2} closing ...
2024-02-29 10:13:35,258 INFO com.alibaba.druid.pool.DruidDataSource [SpringApplicationShutdownHook] {dataSource-2} closed
2024-02-29 10:13:35,258 INFO com.baomidou.dynamic.datasource.DynamicRoutingDataSource [SpringApplicationShutdownHook] dynamic-datasource all closed success,bye
2024-02-29 10:13:40,124 INFO org.springframework.boot.StartupInfoLogger [main] Starting MyNhDemoApplication using Java 1.8.0_111 on DESKTOP-GKJ0SK2 with PID 11844 (D:\IDEAworks\my-nh-demo\target\classes started by h in D:\IDEAworks\my-nh-demo)
2024-02-29 10:13:40,131 INFO org.springframework.boot.SpringApplication [main] No active profile set, falling back to 1 default profile: "default"
2024-02-29 10:13:40,749 INFO org.springframework.data.repository.config.RepositoryConfigurationDelegate [main] Multiple Spring Data modules found, entering strict repository configuration mode
2024-02-29 10:13:40,752 INFO org.springframework.data.repository.config.RepositoryConfigurationDelegate [main] Bootstrapping Spring Data Redis repositories in DEFAULT mode.
2024-02-29 10:13:40,780 INFO org.springframework.data.repository.config.RepositoryConfigurationDelegate [main] Finished Spring Data repository scanning in 14 ms. Found 0 Redis repository interfaces.
2024-02-29 10:13:41,058 INFO org.springframework.context.support.PostProcessorRegistrationDelegate$BeanPostProcessorChecker [main] Bean 'spring.datasource.dynamic-com.baomidou.dynamic.datasource.spring.boot.autoconfigure.DynamicDataSourceProperties' of type [com.baomidou.dynamic.datasource.spring.boot.autoconfigure.DynamicDataSourceProperties] is not eligible for getting processed by all BeanPostProcessors (for example: not eligible for auto-proxying)
2024-02-29 10:13:41,061 INFO org.springframework.context.support.PostProcessorRegistrationDelegate$BeanPostProcessorChecker [main] Bean 'com.baomidou.dynamic.datasource.spring.boot.autoconfigure.DynamicDataSourceAutoConfiguration' of type [com.baomidou.dynamic.datasource.spring.boot.autoconfigure.DynamicDataSourceAutoConfiguration$$EnhancerBySpringCGLIB$$80413b47] is not eligible for getting processed by all BeanPostProcessors (for example: not eligible for auto-proxying)
2024-02-29 10:13:41,075 INFO org.springframework.context.support.PostProcessorRegistrationDelegate$BeanPostProcessorChecker [main] Bean 'dsProcessor' of type [com.baomidou.dynamic.datasource.processor.DsHeaderProcessor] is not eligible for getting processed by all BeanPostProcessors (for example: not eligible for auto-proxying)
2024-02-29 10:13:41,355 INFO org.springframework.boot.web.embedded.tomcat.TomcatWebServer [main] Tomcat initialized with port(s): 8080 (http)
2024-02-29 10:13:41,361 INFO org.apache.juli.logging.DirectJDKLog [main] Initializing ProtocolHandler ["http-nio-8080"]
2024-02-29 10:13:41,362 INFO org.apache.juli.logging.DirectJDKLog [main] Starting service [Tomcat]
2024-02-29 10:13:41,362 INFO org.apache.juli.logging.DirectJDKLog [main] Starting Servlet engine: [Apache Tomcat/9.0.68]
2024-02-29 10:13:41,466 INFO org.apache.juli.logging.DirectJDKLog [main] Initializing Spring embedded WebApplicationContext
2024-02-29 10:13:41,466 INFO org.springframework.boot.web.servlet.context.ServletWebServerApplicationContext [main] Root WebApplicationContext: initialization completed in 1303 ms
2024-02-29 10:13:41,470 INFO com.example.mynhdemo.filter.config.FilterConfig [main] ******注册自定义的filter过滤器******
2024-02-29 10:13:41,525 INFO com.example.mynhdemo.filter.AuthenticationFilter [main] ******Filter的init方法执行******
2024-02-29 10:13:42,522 INFO com.alibaba.druid.pool.DruidDataSource [main] {dataSource-1,gp} inited
2024-02-29 10:13:42,652 INFO com.alibaba.druid.pool.DruidDataSource [main] {dataSource-2,mysql} inited
2024-02-29 10:13:42,657 INFO com.baomidou.dynamic.datasource.DynamicRoutingDataSource [main] dynamic-datasource - add a datasource named [gp] success
2024-02-29 10:13:42,658 INFO com.baomidou.dynamic.datasource.DynamicRoutingDataSource [main] dynamic-datasource - add a datasource named [mysql] success
2024-02-29 10:13:42,659 INFO com.baomidou.dynamic.datasource.DynamicRoutingDataSource [main] dynamic-datasource initial loaded [2] datasource,primary datasource named [mysql]
2024-02-29 10:13:43,178 INFO org.apache.juli.logging.DirectJDKLog [main] Starting ProtocolHandler ["http-nio-8080"]
2024-02-29 10:13:43,208 INFO org.springframework.boot.web.embedded.tomcat.TomcatWebServer [main] Tomcat started on port(s): 8080 (http) with context path ''
2024-02-29 10:13:43,216 INFO org.springframework.boot.StartupInfoLogger [main] Started MyNhDemoApplication in 3.585 seconds (JVM running for 5.183)
2024-02-29 10:13:54,293 INFO org.apache.juli.logging.DirectJDKLog [http-nio-8080-exec-1] Initializing Spring DispatcherServlet 'dispatcherServlet'
2024-02-29 10:13:54,294 INFO org.springframework.web.servlet.FrameworkServlet [http-nio-8080-exec-1] Initializing Servlet 'dispatcherServlet'
2024-02-29 10:13:54,295 INFO org.springframework.web.servlet.FrameworkServlet [http-nio-8080-exec-1] Completed initialization in 1 ms
2024-02-29 10:13:54,299 INFO com.example.mynhdemo.filter.AuthenticationFilter [http-nio-8080-exec-1] ******Filter的doFilter方法执行******
2024-02-29 10:13:57,333 INFO com.example.mynhdemo.filter.AuthenticationFilter [http-nio-8080-exec-2] ******Filter的doFilter方法执行******
2024-02-29 10:14:00,368 INFO com.example.mynhdemo.filter.AuthenticationFilter [SpringApplicationShutdownHook] ******Filter的destroy方法执行******
2024-02-29 10:14:00,374 INFO com.baomidou.dynamic.datasource.DynamicRoutingDataSource [SpringApplicationShutdownHook] dynamic-datasource start closing ....
2024-02-29 10:14:00,377 INFO com.alibaba.druid.pool.DruidDataSource [SpringApplicationShutdownHook] {dataSource-1} closing ...
2024-02-29 10:14:00,379 INFO com.alibaba.druid.pool.DruidDataSource [SpringApplicationShutdownHook] {dataSource-1} closed
2024-02-29 10:14:00,379 INFO com.alibaba.druid.pool.DruidDataSource [SpringApplicationShutdownHook] {dataSource-2} closing ...
2024-02-29 10:14:00,379 INFO com.alibaba.druid.pool.DruidDataSource [SpringApplicationShutdownHook] {dataSource-2} closed
2024-02-29 10:14:00,380 INFO com.baomidou.dynamic.datasource.DynamicRoutingDataSource [SpringApplicationShutdownHook] dynamic-datasource all closed success,bye
2024-02-29 10:16:06,496 INFO org.springframework.boot.StartupInfoLogger [main] Starting MyNhDemoApplication using Java 1.8.0_111 on DESKTOP-GKJ0SK2 with PID 13912 (D:\IDEAworks\my-nh-demo\target\classes started by h in D:\IDEAworks\my-nh-demo)
2024-02-29 10:16:06,503 INFO org.springframework.boot.SpringApplication [main] No active profile set, falling back to 1 default profile: "default"
2024-02-29 10:16:06,932 INFO org.springframework.data.repository.config.RepositoryConfigurationDelegate [main] Multiple Spring Data modules found, entering strict repository configuration mode
2024-02-29 10:16:06,933 INFO org.springframework.data.repository.config.RepositoryConfigurationDelegate [main] Bootstrapping Spring Data Redis repositories in DEFAULT mode.
2024-02-29 10:16:06,957 INFO org.springframework.data.repository.config.RepositoryConfigurationDelegate [main] Finished Spring Data repository scanning in 12 ms. Found 0 Redis repository interfaces.
2024-02-29 10:16:07,190 INFO org.springframework.context.support.PostProcessorRegistrationDelegate$BeanPostProcessorChecker [main] Bean 'spring.datasource.dynamic-com.baomidou.dynamic.datasource.spring.boot.autoconfigure.DynamicDataSourceProperties' of type [com.baomidou.dynamic.datasource.spring.boot.autoconfigure.DynamicDataSourceProperties] is not eligible for getting processed by all BeanPostProcessors (for example: not eligible for auto-proxying)
2024-02-29 10:16:07,192 INFO org.springframework.context.support.PostProcessorRegistrationDelegate$BeanPostProcessorChecker [main] Bean 'com.baomidou.dynamic.datasource.spring.boot.autoconfigure.DynamicDataSourceAutoConfiguration' of type [com.baomidou.dynamic.datasource.spring.boot.autoconfigure.DynamicDataSourceAutoConfiguration$$EnhancerBySpringCGLIB$$d5e69143] is not eligible for getting processed by all BeanPostProcessors (for example: not eligible for auto-proxying)
2024-02-29 10:16:07,203 INFO org.springframework.context.support.PostProcessorRegistrationDelegate$BeanPostProcessorChecker [main] Bean 'dsProcessor' of type [com.baomidou.dynamic.datasource.processor.DsHeaderProcessor] is not eligible for getting processed by all BeanPostProcessors (for example: not eligible for auto-proxying)
2024-02-29 10:16:07,413 INFO org.springframework.boot.web.embedded.tomcat.TomcatWebServer [main] Tomcat initialized with port(s): 8080 (http)
2024-02-29 10:16:07,421 INFO org.apache.juli.logging.DirectJDKLog [main] Initializing ProtocolHandler ["http-nio-8080"]
2024-02-29 10:16:07,422 INFO org.apache.juli.logging.DirectJDKLog [main] Starting service [Tomcat]
2024-02-29 10:16:07,422 INFO org.apache.juli.logging.DirectJDKLog [main] Starting Servlet engine: [Apache Tomcat/9.0.68]
2024-02-29 10:16:07,527 INFO org.apache.juli.logging.DirectJDKLog [main] Initializing Spring embedded WebApplicationContext
2024-02-29 10:16:07,527 INFO org.springframework.boot.web.servlet.context.ServletWebServerApplicationContext [main] Root WebApplicationContext: initialization completed in 997 ms
2024-02-29 10:16:07,532 INFO com.example.mynhdemo.filter.config.FilterConfig [main] ******注册自定义的filter过滤器******
2024-02-29 10:16:07,571 INFO com.example.mynhdemo.filter.AuthenticationFilter [main] ******Filter的init方法执行******
2024-02-29 10:16:08,588 INFO com.alibaba.druid.pool.DruidDataSource [main] {dataSource-1,gp} inited
2024-02-29 10:16:08,732 INFO com.alibaba.druid.pool.DruidDataSource [main] {dataSource-2,mysql} inited
2024-02-29 10:16:08,732 INFO com.baomidou.dynamic.datasource.DynamicRoutingDataSource [main] dynamic-datasource - add a datasource named [gp] success
2024-02-29 10:16:08,732 INFO com.baomidou.dynamic.datasource.DynamicRoutingDataSource [main] dynamic-datasource - add a datasource named [mysql] success
2024-02-29 10:16:08,732 INFO com.baomidou.dynamic.datasource.DynamicRoutingDataSource [main] dynamic-datasource initial loaded [2] datasource,primary datasource named [mysql]
2024-02-29 10:16:09,333 INFO org.apache.juli.logging.DirectJDKLog [main] Starting ProtocolHandler ["http-nio-8080"]
2024-02-29 10:16:09,345 INFO org.springframework.boot.web.embedded.tomcat.TomcatWebServer [main] Tomcat started on port(s): 8080 (http) with context path ''
2024-02-29 10:16:09,352 INFO org.springframework.boot.StartupInfoLogger [main] Started MyNhDemoApplication in 3.172 seconds (JVM running for 4.393)
2024-02-29 10:16:21,799 INFO org.apache.juli.logging.DirectJDKLog [http-nio-8080-exec-2] Initializing Spring DispatcherServlet 'dispatcherServlet'
2024-02-29 10:16:21,800 INFO org.springframework.web.servlet.FrameworkServlet [http-nio-8080-exec-2] Initializing Servlet 'dispatcherServlet'
2024-02-29 10:16:21,800 INFO org.springframework.web.servlet.FrameworkServlet [http-nio-8080-exec-2] Completed initialization in 0 ms
2024-02-29 10:16:21,806 INFO com.example.mynhdemo.filter.AuthenticationFilter [http-nio-8080-exec-2] ******Filter的doFilter方法执行******
2024-02-29 10:16:22,954 INFO com.example.mynhdemo.filter.AuthenticationFilter [http-nio-8080-exec-1] ******Filter的doFilter方法执行******
2024-02-29 10:16:26,708 INFO com.example.mynhdemo.controller.LoginController [http-nio-8080-exec-1] 用户：2获取了权限
2024-02-29 10:16:34,894 INFO com.example.mynhdemo.filter.AuthenticationFilter [http-nio-8080-exec-3] ******Filter的doFilter方法执行******
2024-02-29 10:16:35,142 INFO com.example.mynhdemo.filter.AuthenticationFilter [SpringApplicationShutdownHook] ******Filter的destroy方法执行******
2024-02-29 10:16:35,146 INFO com.baomidou.dynamic.datasource.DynamicRoutingDataSource [SpringApplicationShutdownHook] dynamic-datasource start closing ....
2024-02-29 10:16:35,148 INFO com.alibaba.druid.pool.DruidDataSource [SpringApplicationShutdownHook] {dataSource-1} closing ...
2024-02-29 10:16:35,149 INFO com.alibaba.druid.pool.DruidDataSource [SpringApplicationShutdownHook] {dataSource-1} closed
2024-02-29 10:16:35,149 INFO com.alibaba.druid.pool.DruidDataSource [SpringApplicationShutdownHook] {dataSource-2} closing ...
2024-02-29 10:16:35,150 INFO com.alibaba.druid.pool.DruidDataSource [SpringApplicationShutdownHook] {dataSource-2} closed
2024-02-29 10:16:35,150 INFO com.baomidou.dynamic.datasource.DynamicRoutingDataSource [SpringApplicationShutdownHook] dynamic-datasource all closed success,bye
2024-02-29 10:18:13,350 INFO org.springframework.boot.StartupInfoLogger [main] Starting MyNhDemoApplication using Java 1.8.0_111 on DESKTOP-GKJ0SK2 with PID 516 (D:\IDEAworks\my-nh-demo\target\classes started by h in D:\IDEAworks\my-nh-demo)
2024-02-29 10:18:13,360 INFO org.springframework.boot.SpringApplication [main] No active profile set, falling back to 1 default profile: "default"
2024-02-29 10:18:13,970 INFO org.springframework.data.repository.config.RepositoryConfigurationDelegate [main] Multiple Spring Data modules found, entering strict repository configuration mode
2024-02-29 10:18:13,971 INFO org.springframework.data.repository.config.RepositoryConfigurationDelegate [main] Bootstrapping Spring Data Redis repositories in DEFAULT mode.
2024-02-29 10:18:14,002 INFO org.springframework.data.repository.config.RepositoryConfigurationDelegate [main] Finished Spring Data repository scanning in 16 ms. Found 0 Redis repository interfaces.
2024-02-29 10:18:14,375 INFO org.springframework.context.support.PostProcessorRegistrationDelegate$BeanPostProcessorChecker [main] Bean 'spring.datasource.dynamic-com.baomidou.dynamic.datasource.spring.boot.autoconfigure.DynamicDataSourceProperties' of type [com.baomidou.dynamic.datasource.spring.boot.autoconfigure.DynamicDataSourceProperties] is not eligible for getting processed by all BeanPostProcessors (for example: not eligible for auto-proxying)
2024-02-29 10:18:14,381 INFO org.springframework.context.support.PostProcessorRegistrationDelegate$BeanPostProcessorChecker [main] Bean 'com.baomidou.dynamic.datasource.spring.boot.autoconfigure.DynamicDataSourceAutoConfiguration' of type [com.baomidou.dynamic.datasource.spring.boot.autoconfigure.DynamicDataSourceAutoConfiguration$$EnhancerBySpringCGLIB$$bcd8d10] is not eligible for getting processed by all BeanPostProcessors (for example: not eligible for auto-proxying)
2024-02-29 10:18:14,400 INFO org.springframework.context.support.PostProcessorRegistrationDelegate$BeanPostProcessorChecker [main] Bean 'dsProcessor' of type [com.baomidou.dynamic.datasource.processor.DsHeaderProcessor] is not eligible for getting processed by all BeanPostProcessors (for example: not eligible for auto-proxying)
2024-02-29 10:18:14,701 INFO org.springframework.boot.web.embedded.tomcat.TomcatWebServer [main] Tomcat initialized with port(s): 8080 (http)
2024-02-29 10:18:14,709 INFO org.apache.juli.logging.DirectJDKLog [main] Initializing ProtocolHandler ["http-nio-8080"]
2024-02-29 10:18:14,709 INFO org.apache.juli.logging.DirectJDKLog [main] Starting service [Tomcat]
2024-02-29 10:18:14,709 INFO org.apache.juli.logging.DirectJDKLog [main] Starting Servlet engine: [Apache Tomcat/9.0.68]
2024-02-29 10:18:14,844 INFO org.apache.juli.logging.DirectJDKLog [main] Initializing Spring embedded WebApplicationContext
2024-02-29 10:18:14,844 INFO org.springframework.boot.web.servlet.context.ServletWebServerApplicationContext [main] Root WebApplicationContext: initialization completed in 1446 ms
2024-02-29 10:18:14,852 INFO com.example.mynhdemo.filter.config.FilterConfig [main] ******注册自定义的filter过滤器******
2024-02-29 10:18:14,907 INFO com.example.mynhdemo.filter.AuthenticationFilter [main] ******Filter的init方法执行******
2024-02-29 10:18:15,902 INFO com.alibaba.druid.pool.DruidDataSource [main] {dataSource-1,gp} inited
2024-02-29 10:18:16,057 INFO com.alibaba.druid.pool.DruidDataSource [main] {dataSource-2,mysql} inited
2024-02-29 10:18:16,057 INFO com.baomidou.dynamic.datasource.DynamicRoutingDataSource [main] dynamic-datasource - add a datasource named [gp] success
2024-02-29 10:18:16,057 INFO com.baomidou.dynamic.datasource.DynamicRoutingDataSource [main] dynamic-datasource - add a datasource named [mysql] success
2024-02-29 10:18:16,057 INFO com.baomidou.dynamic.datasource.DynamicRoutingDataSource [main] dynamic-datasource initial loaded [2] datasource,primary datasource named [mysql]
2024-02-29 10:18:16,795 INFO org.apache.juli.logging.DirectJDKLog [main] Starting ProtocolHandler ["http-nio-8080"]
2024-02-29 10:18:16,820 INFO org.springframework.boot.web.embedded.tomcat.TomcatWebServer [main] Tomcat started on port(s): 8080 (http) with context path ''
2024-02-29 10:18:16,829 INFO org.springframework.boot.StartupInfoLogger [main] Started MyNhDemoApplication in 3.96 seconds (JVM running for 5.628)
2024-02-29 10:18:31,525 INFO org.apache.juli.logging.DirectJDKLog [http-nio-8080-exec-1] Initializing Spring DispatcherServlet 'dispatcherServlet'
2024-02-29 10:18:31,525 INFO org.springframework.web.servlet.FrameworkServlet [http-nio-8080-exec-1] Initializing Servlet 'dispatcherServlet'
2024-02-29 10:18:31,525 INFO org.springframework.web.servlet.FrameworkServlet [http-nio-8080-exec-1] Completed initialization in 0 ms
2024-02-29 10:18:31,530 INFO com.example.mynhdemo.filter.AuthenticationFilter [http-nio-8080-exec-1] ******Filter的doFilter方法执行******
2024-02-29 10:18:32,656 INFO com.example.mynhdemo.filter.AuthenticationFilter [http-nio-8080-exec-3] ******Filter的doFilter方法执行******
2024-02-29 10:18:32,678 INFO com.example.mynhdemo.controller.LoginController [http-nio-8080-exec-3] 用户：2获取了权限
2024-02-29 10:18:36,317 INFO com.example.mynhdemo.filter.AuthenticationFilter [http-nio-8080-exec-5] ******Filter的doFilter方法执行******
2024-02-29 10:19:01,292 INFO com.example.mynhdemo.filter.AuthenticationFilter [http-nio-8080-exec-4] ******Filter的doFilter方法执行******
2024-02-29 10:19:01,303 INFO com.example.mynhdemo.filter.AuthenticationFilter [http-nio-8080-exec-8] ******Filter的doFilter方法执行******
2024-02-29 10:19:01,314 INFO com.example.mynhdemo.controller.LoginController [http-nio-8080-exec-8] 用户：2获取了权限
2024-02-29 10:19:06,225 INFO com.example.mynhdemo.filter.AuthenticationFilter [http-nio-8080-exec-7] ******Filter的doFilter方法执行******
2024-02-29 10:19:20,379 INFO com.example.mynhdemo.filter.AuthenticationFilter [http-nio-8080-exec-9] ******Filter的doFilter方法执行******
2024-02-29 10:19:20,391 INFO com.example.mynhdemo.filter.AuthenticationFilter [http-nio-8080-exec-10] ******Filter的doFilter方法执行******
2024-02-29 10:19:20,405 INFO com.example.mynhdemo.controller.LoginController [http-nio-8080-exec-10] 用户：2获取了权限
2024-02-29 10:19:20,408 INFO com.example.mynhdemo.filter.AuthenticationFilter [http-nio-8080-exec-1] ******Filter的doFilter方法执行******
2024-02-29 10:19:43,568 INFO com.example.mynhdemo.filter.AuthenticationFilter [http-nio-8080-exec-3] ******Filter的doFilter方法执行******
2024-02-29 10:19:43,571 INFO com.example.mynhdemo.filter.AuthenticationFilter [http-nio-8080-exec-2] ******Filter的doFilter方法执行******
2024-02-29 10:19:43,578 INFO com.example.mynhdemo.controller.LoginController [http-nio-8080-exec-2] 用户：2获取了权限
2024-02-29 10:19:43,579 INFO com.example.mynhdemo.filter.AuthenticationFilter [http-nio-8080-exec-4] ******Filter的doFilter方法执行******
2024-02-29 10:19:50,568 INFO com.example.mynhdemo.filter.AuthenticationFilter [http-nio-8080-exec-6] ******Filter的doFilter方法执行******
2024-02-29 10:19:50,601 INFO com.example.mynhdemo.filter.AuthenticationFilter [http-nio-8080-exec-8] ******Filter的doFilter方法执行******
2024-02-29 10:19:50,610 INFO com.example.mynhdemo.controller.LoginController [http-nio-8080-exec-8] 用户：2获取了权限
2024-02-29 10:19:50,631 INFO com.example.mynhdemo.filter.AuthenticationFilter [http-nio-8080-exec-9] ******Filter的doFilter方法执行******
2024-02-29 10:19:51,054 INFO com.example.mynhdemo.filter.AuthenticationFilter [http-nio-8080-exec-10] ******Filter的doFilter方法执行******
2024-02-29 10:19:51,073 INFO com.example.mynhdemo.filter.AuthenticationFilter [http-nio-8080-exec-1] ******Filter的doFilter方法执行******
2024-02-29 10:19:51,079 INFO com.example.mynhdemo.controller.LoginController [http-nio-8080-exec-1] 用户：2获取了权限
2024-02-29 10:19:51,080 INFO com.example.mynhdemo.filter.AuthenticationFilter [http-nio-8080-exec-3] ******Filter的doFilter方法执行******
2024-02-29 10:19:58,906 INFO com.example.mynhdemo.filter.AuthenticationFilter [http-nio-8080-exec-2] ******Filter的doFilter方法执行******
2024-02-29 10:19:58,922 INFO com.example.mynhdemo.filter.AuthenticationFilter [http-nio-8080-exec-4] ******Filter的doFilter方法执行******
2024-02-29 10:19:58,928 INFO com.example.mynhdemo.controller.LoginController [http-nio-8080-exec-4] 用户：2获取了权限
2024-02-29 10:19:58,930 INFO com.example.mynhdemo.filter.AuthenticationFilter [http-nio-8080-exec-6] ******Filter的doFilter方法执行******
2024-02-29 10:19:59,874 INFO com.example.mynhdemo.filter.AuthenticationFilter [http-nio-8080-exec-8] ******Filter的doFilter方法执行******
2024-02-29 10:19:59,903 INFO com.example.mynhdemo.filter.AuthenticationFilter [http-nio-8080-exec-9] ******Filter的doFilter方法执行******
2024-02-29 10:19:59,911 INFO com.example.mynhdemo.controller.LoginController [http-nio-8080-exec-9] 用户：2获取了权限
2024-02-29 10:19:59,913 INFO com.example.mynhdemo.filter.AuthenticationFilter [http-nio-8080-exec-10] ******Filter的doFilter方法执行******
2024-02-29 10:20:00,359 INFO com.example.mynhdemo.filter.AuthenticationFilter [http-nio-8080-exec-1] ******Filter的doFilter方法执行******
2024-02-29 10:20:00,378 INFO com.example.mynhdemo.filter.AuthenticationFilter [http-nio-8080-exec-2] ******Filter的doFilter方法执行******
2024-02-29 10:20:00,385 INFO com.example.mynhdemo.controller.LoginController [http-nio-8080-exec-2] 用户：2获取了权限
2024-02-29 10:20:00,403 INFO com.example.mynhdemo.filter.AuthenticationFilter [http-nio-8080-exec-4] ******Filter的doFilter方法执行******
2024-02-29 10:20:28,253 INFO com.example.mynhdemo.filter.AuthenticationFilter [SpringApplicationShutdownHook] ******Filter的destroy方法执行******
2024-02-29 10:20:28,259 INFO com.baomidou.dynamic.datasource.DynamicRoutingDataSource [SpringApplicationShutdownHook] dynamic-datasource start closing ....
2024-02-29 10:20:28,261 INFO com.alibaba.druid.pool.DruidDataSource [SpringApplicationShutdownHook] {dataSource-1} closing ...
2024-02-29 10:20:28,263 INFO com.alibaba.druid.pool.DruidDataSource [SpringApplicationShutdownHook] {dataSource-1} closed
2024-02-29 10:20:28,263 INFO com.alibaba.druid.pool.DruidDataSource [SpringApplicationShutdownHook] {dataSource-2} closing ...
2024-02-29 10:20:28,264 INFO com.alibaba.druid.pool.DruidDataSource [SpringApplicationShutdownHook] {dataSource-2} closed
2024-02-29 10:20:28,264 INFO com.baomidou.dynamic.datasource.DynamicRoutingDataSource [SpringApplicationShutdownHook] dynamic-datasource all closed success,bye
